This is pdfTeX, Version 3.141592653-2.6-1.40.25 (TeX Live 2023/Debian) (preloaded format=latex 2025.1.6)  8 JAN 2025 09:21
entering extended mode
 restricted \write18 enabled.
 %&-line parsing enabled.
**biblio.tex
(./biblio.tex
LaTeX2e <2023-11-01> patch level 1
L3 programming layer <2024-01-22>
(/usr/share/texlive/texmf-dist/tex/latex/base/article.cls
Document Class: article 2023/05/17 v1.4n Standard LaTeX document class
(/usr/share/texlive/texmf-dist/tex/latex/base/size10.clo
File: size10.clo 2023/05/17 v1.4n Standard LaTeX file (size option)
)
\c@part=\count187
\c@section=\count188
\c@subsection=\count189
\c@subsubsection=\count190
\c@paragraph=\count191
\c@subparagraph=\count192
\c@figure=\count193
\c@table=\count194
\abovecaptionskip=\skip48
\belowcaptionskip=\skip49
\bibindent=\dimen140
)
(/usr/share/texlive/texmf-dist/tex/latex/amsfonts/amsfonts.sty
Package: amsfonts 2013/01/14 v3.01 Basic AMSFonts support
\@emptytoks=\toks17
\symAMSa=\mathgroup4
\symAMSb=\mathgroup5
LaTeX Font Info:    Redeclaring math symbol \hbar on input line 98.
LaTeX Font Info:    Overwriting math alphabet `\mathfrak' in version `bold'
(Font)                  U/euf/m/n --> U/euf/b/n on input line 106.
)
(/usr/share/texlive/texmf-dist/tex/latex/amsfonts/amssymb.sty
Package: amssymb 2013/01/14 v3.01 AMS font symbols
)
(/usr/share/texlive/texmf-dist/tex/latex/url/url.sty
\Urlmuskip=\muskip16
Package: url 2013/09/16  ver 3.4  Verb mode for urls, etc.
)
(/usr/share/texlive/texmf-dist/tex/latex/hyperref/hyperref.sty
Package: hyperref 2024-01-20 v7.01h Hypertext links for LaTeX

(/usr/share/texlive/texmf-dist/tex/generic/iftex/iftex.sty
Package: iftex 2022/02/03 v1.0f TeX engine tests
)
(/usr/share/texlive/texmf-dist/tex/latex/graphics/keyval.sty
Package: keyval 2022/05/29 v1.15 key=value parser (DPC)
\KV@toks@=\toks18
)
(/usr/share/texlive/texmf-dist/tex/latex/kvsetkeys/kvsetkeys.sty
Package: kvsetkeys 2022-10-05 v1.19 Key value parser (HO)
)
(/usr/share/texlive/texmf-dist/tex/generic/kvdefinekeys/kvdefinekeys.sty
Package: kvdefinekeys 2019-12-19 v1.6 Define keys (HO)
)
(/usr/share/texlive/texmf-dist/tex/generic/pdfescape/pdfescape.sty
Package: pdfescape 2019/12/09 v1.15 Implements pdfTeX's escape features (HO)

(/usr/share/texlive/texmf-dist/tex/generic/ltxcmds/ltxcmds.sty
Package: ltxcmds 2023-12-04 v1.26 LaTeX kernel commands for general use (HO)
)
(/usr/share/texlive/texmf-dist/tex/generic/pdftexcmds/pdftexcmds.sty
Package: pdftexcmds 2020-06-27 v0.33 Utility functions of pdfTeX for LuaTeX (HO
)

(/usr/share/texlive/texmf-dist/tex/generic/infwarerr/infwarerr.sty
Package: infwarerr 2019/12/03 v1.5 Providing info/warning/error messages (HO)
)
Package pdftexcmds Info: \pdf@primitive is available.
Package pdftexcmds Info: \pdf@ifprimitive is available.
Package pdftexcmds Info: \pdfdraftmode is ignored in DVI mode.
))
(/usr/share/texlive/texmf-dist/tex/latex/hycolor/hycolor.sty
Package: hycolor 2020-01-27 v1.10 Color options for hyperref/bookmark (HO)
)
(/usr/share/texlive/texmf-dist/tex/latex/auxhook/auxhook.sty
Package: auxhook 2019-12-17 v1.6 Hooks for auxiliary files (HO)
)
(/usr/share/texlive/texmf-dist/tex/latex/hyperref/nameref.sty
Package: nameref 2023-11-26 v2.56 Cross-referencing by name of section

(/usr/share/texlive/texmf-dist/tex/latex/refcount/refcount.sty
Package: refcount 2019/12/15 v3.6 Data extraction from label references (HO)
)
(/usr/share/texlive/texmf-dist/tex/generic/gettitlestring/gettitlestring.sty
Package: gettitlestring 2019/12/15 v1.6 Cleanup title references (HO)

(/usr/share/texlive/texmf-dist/tex/latex/kvoptions/kvoptions.sty
Package: kvoptions 2022-06-15 v3.15 Key value format for package options (HO)
))
\c@section@level=\count195
)
(/usr/share/texlive/texmf-dist/tex/latex/etoolbox/etoolbox.sty
Package: etoolbox 2020/10/05 v2.5k e-TeX tools for LaTeX (JAW)
\etb@tempcnta=\count196
)
\@linkdim=\dimen141
\Hy@linkcounter=\count197
\Hy@pagecounter=\count198

(/usr/share/texlive/texmf-dist/tex/latex/hyperref/pd1enc.def
File: pd1enc.def 2024-01-20 v7.01h Hyperref: PDFDocEncoding definition (HO)
Now handling font encoding PD1 ...
... no UTF-8 mapping file for font encoding PD1
)
(/usr/share/texlive/texmf-dist/tex/generic/intcalc/intcalc.sty
Package: intcalc 2019/12/15 v1.3 Expandable calculations with integers (HO)
)
\Hy@SavedSpaceFactor=\count199

(/usr/share/texlive/texmf-dist/tex/latex/hyperref/puenc.def
File: puenc.def 2024-01-20 v7.01h Hyperref: PDF Unicode definition (HO)
Now handling font encoding PU ...
... no UTF-8 mapping file for font encoding PU
)
Package hyperref Info: Hyper figures OFF on input line 4179.
Package hyperref Info: Link nesting OFF on input line 4184.
Package hyperref Info: Hyper index ON on input line 4187.
Package hyperref Info: Plain pages OFF on input line 4194.
Package hyperref Info: Backreferencing OFF on input line 4199.
Package hyperref Info: Implicit mode ON; LaTeX internals redefined.
Package hyperref Info: Bookmarks ON on input line 4446.
\c@Hy@tempcnt=\count266
LaTeX Info: Redefining \url on input line 4784.
\XeTeXLinkMargin=\dimen142

(/usr/share/texlive/texmf-dist/tex/generic/bitset/bitset.sty
Package: bitset 2019/12/09 v1.3 Handle bit-vector datatype (HO)

(/usr/share/texlive/texmf-dist/tex/generic/bigintcalc/bigintcalc.sty
Package: bigintcalc 2019/12/15 v1.5 Expandable calculations on big integers (HO
)
))
\Fld@menulength=\count267
\Field@Width=\dimen143
\Fld@charsize=\dimen144
Package hyperref Info: Hyper figures OFF on input line 6063.
Package hyperref Info: Link nesting OFF on input line 6068.
Package hyperref Info: Hyper index ON on input line 6071.
Package hyperref Info: backreferencing OFF on input line 6078.
Package hyperref Info: Link coloring OFF on input line 6083.
Package hyperref Info: Link coloring with OCG OFF on input line 6088.
Package hyperref Info: PDF/A mode OFF on input line 6093.

(/usr/share/texlive/texmf-dist/tex/latex/base/atbegshi-ltx.sty
Package: atbegshi-ltx 2021/01/10 v1.0c Emulation of the original atbegshi
package with kernel methods
)
\Hy@abspage=\count268
\c@Item=\count269
\c@Hfootnote=\count270
)
Package hyperref Info: Driver (default): hdvips.

(/usr/share/texlive/texmf-dist/tex/latex/hyperref/hdvips.def
File: hdvips.def 2024-01-20 v7.01h Hyperref driver for dvips

(/usr/share/texlive/texmf-dist/tex/latex/hyperref/pdfmark.def
File: pdfmark.def 2024-01-20 v7.01h Hyperref definitions for pdfmark specials
\pdf@docset=\toks19
\pdf@box=\box51
\pdf@toks=\toks20
\pdf@defaulttoks=\toks21
\HyField@AnnotCount=\count271
\Fld@listcount=\count272
\c@bookmark@seq@number=\count273

(/usr/share/texlive/texmf-dist/tex/latex/rerunfilecheck/rerunfilecheck.sty
Package: rerunfilecheck 2022-07-10 v1.10 Rerun checks for auxiliary files (HO)

(/usr/share/texlive/texmf-dist/tex/latex/base/atveryend-ltx.sty
Package: atveryend-ltx 2020/08/19 v1.0a Emulation of the original atveryend pac
kage
with kernel methods
)
(/usr/share/texlive/texmf-dist/tex/generic/uniquecounter/uniquecounter.sty
Package: uniquecounter 2019/12/15 v1.4 Provide unlimited unique counter (HO)
)
Package uniquecounter Info: New unique counter `rerunfilecheck' on input line 2
85.
)
\Hy@SectionHShift=\skip50
))
(/usr/share/texlive/texmf-dist/tex/latex/base/latexsym.sty
Package: latexsym 1998/08/17 v2.2e Standard LaTeX package (lasy symbols)
\symlasy=\mathgroup6
LaTeX Font Info:    Overwriting symbol font `lasy' in version `bold'
(Font)                  U/lasy/m/n --> U/lasy/b/n on input line 52.
)
(./authordate1-4.sty
\bibhang=\skip51
)
(/usr/share/texlive/texmf-dist/tex/latex/l3backend/l3backend-dvips.def
File: l3backend-dvips.def 2024-01-04 L3 backend support: dvips
\l__pdf_internal_box=\box52
\g__pdf_backend_object_int=\count274
\l__pdf_backend_content_box=\box53
\l__pdf_backend_model_box=\box54
\g__pdf_backend_annotation_int=\count275
\g__pdf_backend_link_int=\count276
\g__pdf_backend_link_sf_int=\count277
)
(./biblio.aux)
\openout1 = `biblio.aux'.

LaTeX Font Info:    Checking defaults for OML/cmm/m/it on input line 8.
LaTeX Font Info:    ... okay on input line 8.
LaTeX Font Info:    Checking defaults for OMS/cmsy/m/n on input line 8.
LaTeX Font Info:    ... okay on input line 8.
LaTeX Font Info:    Checking defaults for OT1/cmr/m/n on input line 8.
LaTeX Font Info:    ... okay on input line 8.
LaTeX Font Info:    Checking defaults for T1/cmr/m/n on input line 8.
LaTeX Font Info:    ... okay on input line 8.
LaTeX Font Info:    Checking defaults for TS1/cmr/m/n on input line 8.
LaTeX Font Info:    ... okay on input line 8.
LaTeX Font Info:    Checking defaults for OMX/cmex/m/n on input line 8.
LaTeX Font Info:    ... okay on input line 8.
LaTeX Font Info:    Checking defaults for U/cmr/m/n on input line 8.
LaTeX Font Info:    ... okay on input line 8.
LaTeX Font Info:    Checking defaults for PD1/pdf/m/n on input line 8.
LaTeX Font Info:    ... okay on input line 8.
LaTeX Font Info:    Checking defaults for PU/pdf/m/n on input line 8.
LaTeX Font Info:    ... okay on input line 8.
Package hyperref Info: Link coloring OFF on input line 8.
 (./biblio.out) (./biblio.out)
\@outlinefile=\write3
\openout3 = `biblio.out'.



LaTeX Warning: Citation `Khale*24' undefined on input line 138.


LaTeX Warning: Citation `Kadiri-Faber*18' undefined on input line 223.

(./biblio.bbl
LaTeX Font Info:    Trying to load font information for U+msa on input line 5.
 (/usr/share/texlive/texmf-dist/tex/latex/amsfonts/umsa.fd
File: umsa.fd 2013/01/14 v3.01 AMS symbols A
)
LaTeX Font Info:    Trying to load font information for U+msb on input line 5.

(/usr/share/texlive/texmf-dist/tex/latex/amsfonts/umsb.fd
File: umsb.fd 2013/01/14 v3.01 AMS symbols B
)
LaTeX Font Info:    Trying to load font information for U+lasy on input line 5.


(/usr/share/texlive/texmf-dist/tex/latex/base/ulasy.fd
File: ulasy.fd 1998/08/17 v2.2e LaTeX symbol font definitions
) [1

] [2] [3]
Underfull \hbox (badness 2762) in paragraph at lines 350--355
[]\OT1/cmr/m/n/10 Dress, F. 1983/84.  Th^^Seor^^Remes d'oscillations et fonc-ti
on de M^^?obius.
 []


Underfull \hbox (badness 2521) in paragraph at lines 350--355
\OT1/cmr/m/it/10 S^^Semin. Th^^Seor. Nom-bres, Univ. Bor-deaux I\OT1/cmr/m/n/10
 , \OT1/cmr/bx/n/10 Exp. No 33\OT1/cmr/m/n/10 , 33pp.
 []

[4]
Underfull \hbox (badness 10000) in paragraph at lines 399--404
[]\OT1/cmr/m/n/10 Dusart, P. 1998.  \OT1/cmr/m/it/10 Au-tour de la fonc-tion qu
i compte le
 []


Underfull \hbox (badness 10000) in paragraph at lines 399--404
\OT1/cmr/m/it/10 nom-bre de nom-bres pre-miers\OT1/cmr/m/n/10 .  Ph.D. the-sis,
 Limo-ges,
 []

[5]
Underfull \hbox (badness 6348) in paragraph at lines 496--501
\OT1/cmr/m/it/10 Siegel-Formel\OT1/cmr/m/n/10 .  Ph.D. the-sis, Mathematisch-Na
turwissenschaftliche
 []


Underfull \hbox (badness 1552) in paragraph at lines 520--525
\OT1/cmr/m/n/10 mann Zeta Func-tion and ze-ros com-pu-ta-tions at very large he
ight.
 []


Overfull \hbox (120.88525pt too wide) in paragraph at lines 520--525
[][][][]\OT1/cmr/m/n/10 . 
 []


Underfull \hbox (badness 7888) in paragraph at lines 540--544
[]\OT1/cmr/m/n/10 Granville, A., & Soundarara-jan, K. 2003.  The dis-tri-bu-tio
n of
 []


Underfull \hbox (badness 10000) in paragraph at lines 540--544
\OT1/cmr/m/n/10 val-ues of $\OML/cmm/m/it/10 L\OT1/cmr/m/n/10 (1\OML/cmm/m/it/1
0 ; ^^_\OT1/cmr/m/n/10 )$.  \OT1/cmr/m/it/10 Geom. Func. Anal.\OT1/cmr/m/n/10 ,
 \OT1/cmr/bx/n/10 13\OT1/cmr/m/n/10 (5), 992--1028.
 []

[6]
Underfull \hbox (badness 1622) in paragraph at lines 590--594
[]\OT1/cmr/m/n/10 Helfgott, H.A. 2017.  $\OML/cmm/m/it/10 L[]$ \OT1/cmr/m/it/10
 bounds for tails of $\OML/cmm/m/it/10 ^^P\OT1/cmr/m/n/10 (\OML/cmm/m/it/10 s\O
T1/cmr/m/n/10 )$ \OT1/cmr/m/it/10 on a ver-ti-cal line\OT1/cmr/m/n/10 .
 []


Overfull \hbox (192.02338pt too wide) in paragraph at lines 590--594
[][][][]\OT1/cmr/m/n/10 . 
 []

[7]
Underfull \hbox (badness 5008) in paragraph at lines 674--679
[]\OT1/cmr/m/n/10 Kadiri, H. 2002.  \OT1/cmr/m/it/10 Une r^^Segion ex-plicite s
ans z^^Seros pour les fonc-
 []


Underfull \hbox (badness 10000) in paragraph at lines 674--679
\OT1/cmr/m/it/10 tions $\OML/cmm/m/it/10 L$ \OT1/cmr/m/it/10 de Dirich-let\OT1/
cmr/m/n/10 .  Ph.D. the-sis, Uni-ver-sit^^Se Lille 1.
 []


Underfull \hbox (badness 10000) in paragraph at lines 699--703
[]\OT1/cmr/m/n/10 Kadiri, H. 2012.  Ex-plicit zero-free re-gions for Dedekind
 []


Underfull \hbox (badness 10000) in paragraph at lines 699--703
\OT1/cmr/m/n/10 zeta func-tions.  \OT1/cmr/m/it/10 Int. J. Num-ber The-ory\OT1/
cmr/m/n/10 , \OT1/cmr/bx/n/10 8\OT1/cmr/m/n/10 (1), 125--147.
 []

[8] [9] [10] [11]
Underfull \hbox (badness 1859) in paragraph at lines 1016--1020
[]\OT1/cmr/m/n/10 Nicolas, J.-L. 2008.  Quelques in^^Segalit^^Ses ef-fec-tives 
en-tre des fonc-tions
 []

[12] [13] [14] [15]) [16] (./biblio.aux)
 ***********
LaTeX2e <2023-11-01> patch level 1
L3 programming layer <2024-01-22>
 ***********


LaTeX Warning: There were undefined references.

Package rerunfilecheck Info: File `biblio.out' has not changed.
(rerunfilecheck)             Checksum: EDE23595DCA8A4392503813D74F4CD13;94.
 ) 
Here is how much of TeX's memory you used:
 8409 strings out of 475519
 129234 string characters out of 5776210
 1936972 words of memory out of 5000000
 30393 multiletter control sequences out of 15000+600000
 561681 words of font info for 53 fonts, out of 8000000 for 9000
 372 hyphenation exceptions out of 8191
 75i,5n,79p,253b,539s stack positions out of 10000i,1000n,20000p,200000b,200000s

Output written on biblio.dvi (16 pages, 98668 bytes).
