\BOOKMARK [-1][-]{part.1}{\376\377\000I\000\040\000A\000v\000e\000r\000a\000g\000e\000s\000\040\000o\000f\000\040\000a\000r\000i\000t\000h\000m\000e\000t\000i\000c\000a\000l\000\040\000f\000u\000n\000c\000t\000i\000o\000n\000s}{}% 1
\BOOKMARK [0][-]{chapter.1}{\376\377\000\040\000E\000x\000p\000l\000i\000c\000i\000t\000\040\000b\000o\000u\000n\000d\000s\000\040\000o\000n\000\040\000p\000r\000i\000m\000e\000s}{part.1}% 2
\BOOKMARK [1][-]{section.1.1}{\376\377\000B\000o\000u\000n\000d\000s\000\040\000o\000n\000\040\000p\000r\000i\000m\000e\000s\000,\000\040\000i\000n\000\040\000s\000p\000e\000c\000i\000a\000l\000\040\000r\000a\000n\000g\000e\000s}{chapter.1}% 3
\BOOKMARK [1][-]{section.1.2}{\376\377\000B\000o\000u\000n\000d\000s\000\040\000o\000n\000\040\000p\000r\000i\000m\000e\000s\000,\000\040\000w\000i\000t\000h\000o\000u\000t\000\040\000a\000n\000y\000\040\000c\000o\000n\000g\000r\000u\000e\000n\000c\000e\000\040\000c\000o\000n\000d\000i\000t\000i\000o\000n}{chapter.1}% 4
\BOOKMARK [1][-]{section.1.3}{\376\377\000B\000o\000u\000n\000d\000s\000\040\000c\000o\000n\000t\000a\000i\000n\000i\000n\000g\000\040\000n\000-\000t\000h\000\040\000p\000r\000i\000m\000e}{chapter.1}% 5
\BOOKMARK [1][-]{section.1.4}{\376\377\000B\000o\000u\000n\000d\000s\000\040\000o\000n\000\040\000p\000r\000i\000m\000e\000s\000\040\000i\000n\000\040\000a\000r\000i\000t\000h\000m\000e\000t\000i\000c\000\040\000p\000r\000o\000g\000r\000e\000s\000s\000i\000o\000n\000s}{chapter.1}% 6
\BOOKMARK [1][-]{section.1.5}{\376\377\000L\000e\000a\000s\000t\000\040\000p\000r\000i\000m\000e\000\040\000v\000e\000r\000i\000f\000y\000i\000n\000g\000\040\000a\000\040\000c\000o\000n\000d\000i\000t\000i\000o\000n}{chapter.1}% 7
\BOOKMARK [0][-]{chapter.2}{\376\377\000\040\000E\000x\000p\000l\000i\000c\000i\000t\000\040\000b\000o\000u\000n\000d\000s\000\040\000o\000n\000\040\000t\000h\000e\000\040\000M\000o\000e\000b\000i\000u\000s\000\040\000f\000u\000n\000c\000t\000i\000o\000n}{part.1}% 8
\BOOKMARK [1][-]{section.2.1}{\376\377\000B\000o\000u\000n\000d\000s\000\040\000o\000n\000\040\000M\000\050\000D\000\051\000=\000d\000D\000\050\000d\000\051}{chapter.2}% 9
\BOOKMARK [1][-]{section.2.2}{\376\377\000B\000o\000u\000n\000d\000s\000\040\000o\000n\000\040\000m\000\050\000D\000\051\000=\000d\000D\000\050\000d\000\051\000/\000d}{chapter.2}% 10
\BOOKMARK [1][-]{section.2.3}{\376\377\000B\000o\000u\000n\000d\000s\000\040\000o\000n\000\040\000\050\000D\000\051\000=\000d\000D\000\050\000d\000\051\000l\000o\000g\000\050\000D\000/\000d\000\051\000/\000d}{chapter.2}% 11
\BOOKMARK [1][-]{section.2.4}{\376\377\000M\000i\000s\000c\000e\000l\000l\000a\000n\000a\000e}{chapter.2}% 12
\BOOKMARK [1][-]{section.2.5}{\376\377\000T\000h\000e\000\040\000M\000o\000e\000b\000i\000u\000s\000\040\000f\000u\000n\000c\000t\000i\000o\000n\000\040\000a\000n\000d\000\040\000a\000r\000i\000t\000h\000m\000e\000t\000i\000c\000\040\000p\000r\000o\000g\000r\000e\000s\000s\000i\000o\000n\000s}{chapter.2}% 13
\BOOKMARK [0][-]{chapter.3}{\376\377\000\040\000A\000v\000e\000r\000a\000g\000e\000s\000\040\000o\000f\000\040\000n\000o\000n\000-\000n\000e\000g\000a\000t\000i\000v\000e\000\040\000m\000u\000l\000t\000i\000p\000l\000i\000c\000a\000t\000i\000v\000e\000\040\000f\000u\000n\000c\000t\000i\000o\000n\000s}{part.1}% 14
\BOOKMARK [1][-]{section.3.1}{\376\377\000A\000s\000y\000m\000p\000t\000o\000t\000i\000c\000\040\000e\000s\000t\000i\000m\000a\000t\000e\000s}{chapter.3}% 15
\BOOKMARK [1][-]{section.3.2}{\376\377\000U\000p\000p\000e\000r\000\040\000b\000o\000u\000n\000d\000s}{chapter.3}% 16
\BOOKMARK [1][-]{section.3.3}{\376\377\000E\000s\000t\000i\000m\000a\000t\000e\000s\000\040\000o\000f\000\040\000s\000o\000m\000e\000\040\000s\000p\000e\000c\000i\000a\000l\000\040\000f\000u\000n\000c\000t\000i\000o\000n\000s}{chapter.3}% 17
\BOOKMARK [1][-]{section.3.4}{\376\377\000E\000u\000l\000e\000r\000\040\000p\000r\000o\000d\000u\000c\000t\000s}{chapter.3}% 18
\BOOKMARK [0][-]{chapter.4}{\376\377\000\040\000E\000x\000p\000l\000i\000c\000i\000t\000\040\000p\000o\000i\000n\000t\000w\000i\000s\000e\000\040\000u\000p\000p\000e\000r\000\040\000b\000o\000u\000n\000d\000s\000\040\000f\000o\000r\000\040\000s\000o\000m\000e\000\040\000a\000r\000i\000t\000h\000m\000e\000t\000i\000c\000\040\000f\000u\000n\000c\000t\000i\000o\000n\000s}{part.1}% 19
\BOOKMARK [-1][-]{part.2}{\376\377\000I\000I\000\040\000E\000x\000a\000c\000t\000\040\000c\000o\000m\000p\000u\000t\000a\000t\000i\000o\000n\000s}{}% 20
\BOOKMARK [0][-]{chapter.5}{\376\377\000\040\000E\000x\000a\000c\000t\000\040\000c\000o\000m\000p\000u\000t\000a\000t\000i\000o\000n\000s\000\040\000o\000f\000\040\000t\000h\000e\000\040\000n\000u\000m\000b\000e\000r\000\040\000o\000f\000\040\000p\000r\000i\000m\000e\000s}{part.2}% 21
\BOOKMARK [0][-]{chapter.6}{\376\377\000\040\000C\000o\000m\000p\000u\000t\000a\000t\000i\000o\000n\000s\000\040\000o\000f\000\040\000a\000r\000i\000t\000h\000m\000e\000t\000i\000c\000a\000l\000\040\000c\000o\000n\000s\000t\000a\000n\000t\000s}{part.2}% 22
\BOOKMARK [1][-]{section.6.1}{\376\377\000E\000u\000l\000e\000r\000\040\000p\000r\000o\000d\000u\000c\000t\000s\000\040\000o\000f\000\040\000r\000a\000t\000i\000o\000n\000a\000l\000\040\000f\000u\000n\000c\000t\000i\000o\000n\000s}{chapter.6}% 23
\BOOKMARK [1][-]{section.6.2}{\376\377\000S\000o\000m\000e\000\040\000s\000p\000e\000c\000i\000a\000l\000\040\000s\000u\000m\000s\000\040\000o\000v\000e\000r\000\040\000p\000r\000i\000m\000e\000\040\000v\000a\000l\000u\000e\000s\000\040\000t\000h\000a\000t\000\040\000a\000r\000e\000\040\000d\000e\000r\000i\000v\000a\000t\000i\000v\000e\000s}{chapter.6}% 24
\BOOKMARK [-1][-]{part.3}{\376\377\000I\000I\000I\000\040\000G\000e\000n\000e\000r\000a\000l\000\040\000a\000n\000a\000l\000y\000t\000i\000c\000a\000l\000\040\000t\000o\000o\000l\000s}{}% 25
\BOOKMARK [0][-]{chapter.7}{\376\377\000\040\000T\000o\000o\000l\000s\000\040\000o\000n\000\040\000F\000o\000u\000r\000i\000e\000r\000\040\000t\000r\000a\000n\000s\000f\000o\000r\000m\000s}{part.3}% 26
\BOOKMARK [1][-]{section.7.1}{\376\377\000T\000h\000e\000\040\000l\000a\000r\000g\000e\000\040\000s\000i\000e\000v\000e\000\040\000i\000n\000e\000q\000u\000a\000l\000i\000t\000y}{chapter.7}% 27
\BOOKMARK [0][-]{chapter.8}{\376\377\000\040\000T\000o\000o\000l\000s\000\040\000o\000n\000\040\000M\000e\000l\000l\000i\000n\000\040\000t\000r\000a\000n\000s\000f\000o\000r\000m\000s}{part.3}% 28
\BOOKMARK [1][-]{section.8.1}{\376\377\000E\000x\000p\000l\000i\000c\000i\000t\000\040\000t\000r\000u\000n\000c\000a\000t\000e\000d\000\040\000P\000e\000r\000r\000o\000n\000\040\000f\000o\000r\000m\000u\000l\000a}{chapter.8}% 29
\BOOKMARK [1][-]{section.8.2}{\376\377\000L\0002\000-\000m\000e\000a\000n\000s}{chapter.8}% 30
\BOOKMARK [-1][-]{part.4}{\376\377\000I\000V\000\040\000E\000x\000p\000o\000n\000e\000n\000t\000i\000a\000l\000\040\000s\000u\000m\000s\000\040\000/\000\040\000p\000o\000i\000n\000t\000s\000\040\000c\000l\000o\000s\000e\000\040\000t\000o\000\040\000c\000u\000r\000v\000e\000s}{}% 31
\BOOKMARK [0][-]{chapter.9}{\376\377\000\040\000E\000x\000p\000l\000i\000c\000i\000t\000\040\000r\000e\000s\000u\000l\000t\000s\000\040\000o\000n\000\040\000e\000x\000p\000o\000n\000e\000n\000t\000i\000a\000l\000\040\000s\000u\000m\000s}{part.4}% 32
\BOOKMARK [1][-]{section.9.1}{\376\377\000B\000o\000u\000n\000d\000s\000\040\000w\000i\000t\000h\000\040\000t\000h\000e\000\040\000f\000i\000r\000s\000t\000\040\000d\000e\000r\000i\000v\000a\000t\000i\000v\000e}{chapter.9}% 33
\BOOKMARK [1][-]{section.9.2}{\376\377\000B\000o\000u\000n\000d\000s\000\040\000w\000i\000t\000h\000\040\000t\000h\000e\000\040\000s\000e\000c\000o\000n\000d\000\040\000d\000e\000r\000i\000v\000a\000t\000i\000v\000e}{chapter.9}% 34
\BOOKMARK [1][-]{section.9.3}{\376\377\000B\000o\000u\000n\000d\000s\000\040\000w\000i\000t\000h\000\040\000t\000h\000e\000\040\000t\000h\000i\000r\000d\000\040\000d\000e\000r\000i\000v\000a\000t\000i\000v\000e}{chapter.9}% 35
\BOOKMARK [1][-]{section.9.4}{\376\377\000B\000o\000u\000n\000d\000s\000\040\000w\000i\000t\000h\000\040\000h\000i\000g\000h\000e\000r\000\040\000d\000e\000r\000i\000v\000a\000t\000i\000v\000e\000s}{chapter.9}% 36
\BOOKMARK [1][-]{section.9.5}{\376\377\000I\000t\000e\000r\000a\000t\000e\000d\000\040\000V\000a\000n\000\040\000d\000e\000r\000\040\000C\000o\000r\000p\000u\000t\000\040\000I\000n\000e\000q\000u\000a\000l\000i\000t\000y}{chapter.9}% 37
\BOOKMARK [1][-]{section.9.6}{\376\377\000E\000x\000p\000l\000i\000c\000i\000t\000\040\000P\000o\000i\000s\000s\000o\000n\000\040\000F\000o\000r\000m\000u\000l\000a}{chapter.9}% 38
\BOOKMARK [0][-]{chapter.10}{\376\377\000\040\000I\000n\000t\000e\000g\000e\000r\000\040\000P\000o\000i\000n\000t\000s\000\040\000n\000e\000a\000r\000\040\000S\000m\000o\000o\000t\000h\000\040\000P\000l\000a\000n\000e\000\040\000C\000u\000r\000v\000e\000s}{part.4}% 39
\BOOKMARK [1][-]{section.10.1}{\376\377\000B\000o\000u\000n\000d\000s\000\040\000u\000s\000i\000n\000g\000\040\000e\000l\000e\000m\000e\000n\000t\000a\000r\000y\000\040\000m\000e\000t\000h\000o\000d\000s}{chapter.10}% 40
\BOOKMARK [1][-]{section.10.2}{\376\377\000B\000o\000u\000n\000d\000s\000\040\000u\000s\000i\000n\000g\000\040\000e\000x\000p\000o\000n\000e\000n\000t\000i\000a\000l\000\040\000s\000u\000m\000s\000\040\000t\000e\000c\000h\000n\000i\000q\000u\000e\000s}{chapter.10}% 41
\BOOKMARK [1][-]{section.10.3}{\376\377\000I\000n\000t\000e\000g\000e\000r\000\040\000p\000o\000i\000n\000t\000s\000\040\000o\000n\000\040\000c\000u\000r\000v\000e\000s}{chapter.10}% 42
\BOOKMARK [-1][-]{part.5}{\376\377\000V\000\040\000S\000i\000z\000e\000\040\000o\000f\000\040\000L\000\050\0001\000,\000\051\000\040\000a\000n\000d\000\040\000c\000h\000a\000r\000a\000c\000t\000e\000r\000\040\000s\000u\000m\000s\000\040}{}% 43
\BOOKMARK [0][-]{chapter.11}{\376\377\000\040\000S\000i\000z\000e\000\040\000o\000f\000\040\000L\000\050\0001\000,\000\051}{part.5}% 44
\BOOKMARK [1][-]{section.11.1}{\376\377\000U\000p\000p\000e\000r\000\040\000b\000o\000u\000n\000d\000s\000\040\000f\000o\000r\000\040\000|\000L\000\050\0001\000,\000\051\000|}{chapter.11}% 45
\BOOKMARK [1][-]{section.11.2}{\376\377\000L\000o\000w\000e\000r\000\040\000b\000o\000u\000n\000d\000s\000\040\000f\000o\000r\000\040\000|\000L\000\050\0001\000,\000\051\000|}{chapter.11}% 46
\BOOKMARK [0][-]{chapter.12}{\376\377\000\040\000C\000h\000a\000r\000a\000c\000t\000e\000r\000\040\000s\000u\000m\000s}{part.5}% 47
\BOOKMARK [1][-]{section.12.1}{\376\377\000E\000x\000p\000l\000i\000c\000i\000t\000\040\000P\000o\000l\000y\000a\000-\000V\000i\000n\000o\000g\000r\000a\000d\000o\000v\000\040\000i\000n\000e\000q\000u\000a\000l\000i\000t\000i\000e\000s}{chapter.12}% 48
\BOOKMARK [1][-]{section.12.2}{\376\377\000B\000u\000r\000g\000e\000s\000s\000\040\000t\000y\000p\000e\000\040\000e\000s\000t\000i\000m\000a\000t\000e\000s}{chapter.12}% 49
\BOOKMARK [-1][-]{part.6}{\376\377\000V\000I\000\040\000Z\000e\000r\000o\000s\000\040\000a\000n\000d\000\040\000z\000e\000r\000o\000-\000f\000r\000e\000e\000\040\000r\000e\000g\000i\000o\000n\000s}{}% 50
\BOOKMARK [0][-]{chapter.13}{\376\377\000\040\000B\000o\000u\000n\000d\000s\000\040\000f\000o\000r\000\040\000|\000\050\000s\000\051\000|\000,\000\040\000|\000L\000\050\000s\000,\000\051\000|\000\040\000a\000n\000d\000\040\000r\000e\000l\000a\000t\000e\000d\000\040\000q\000u\000e\000s\000t\000i\000o\000n\000s}{part.6}% 51
\BOOKMARK [1][-]{section.13.1}{\376\377\000A\000p\000p\000r\000o\000x\000i\000m\000a\000t\000i\000n\000g\000\040\000|\000\050\000s\000\051\000|\000\040\000o\000r\000\040\000L\000-\000s\000e\000r\000i\000e\000s\000\040\000i\000n\000\040\000t\000h\000e}{chapter.13}% 52
\BOOKMARK [1][-]{section.13.2}{\376\377\000S\000i\000z\000e\000\040\000o\000f\000\040\000|\000\050\000s\000\051\000|\000\040\000a\000n\000d\000\040\000o\000f\000\040\000L\000-\000s\000e\000r\000i\000e\000s}{chapter.13}% 53
\BOOKMARK [1][-]{section.13.3}{\376\377\000O\000n\000\040\000t\000h\000e\000\040\000t\000o\000t\000a\000l\000\040\000n\000u\000m\000b\000e\000r\000\040\000o\000f\000\040\000z\000e\000r\000o\000e\000s}{chapter.13}% 54
\BOOKMARK [1][-]{section.13.4}{\376\377\000L\0002\000-\000a\000v\000e\000r\000a\000g\000e\000s}{chapter.13}% 55
\BOOKMARK [1][-]{section.13.5}{\376\377\000B\000o\000u\000n\000d\000s\000\040\000o\000n\000\040\000t\000h\000e\000\040\000r\000e\000a\000l\000\040\000l\000i\000n\000e}{chapter.13}% 56
\BOOKMARK [0][-]{chapter.14}{\376\377\000\040\000E\000x\000p\000l\000i\000c\000i\000t\000\040\000z\000e\000r\000o\000-\000f\000r\000e\000e\000\040\000r\000e\000g\000i\000o\000n\000s\000\040\000f\000o\000r\000\040\000t\000h\000e\000\040\000\040\000a\000n\000d\000\040\000L\000\040\000f\000u\000n\000c\000t\000i\000o\000n\000s}{part.6}% 57
\BOOKMARK [1][-]{section.14.1}{\376\377\000N\000u\000m\000e\000r\000i\000c\000a\000l\000\040\000v\000e\000r\000i\000f\000i\000c\000a\000t\000i\000o\000n\000s\000\040\000o\000f\000\040\000t\000h\000e\000\040\000G\000e\000n\000e\000r\000a\000l\000i\000z\000e\000d\000\040\000R\000i\000e\000m\000a\000n\000n\000\040\000H\000y\000p\000o\000t\000h\000e\000s\000i\000s}{chapter.14}% 58
\BOOKMARK [1][-]{section.14.2}{\376\377\000A\000s\000y\000m\000p\000t\000o\000t\000i\000c\000a\000l\000\040\000z\000e\000r\000o\000-\000f\000r\000e\000e\000\040\000r\000e\000g\000i\000o\000n\000s}{chapter.14}% 59
\BOOKMARK [1][-]{section.14.3}{\376\377\000R\000e\000a\000l\000\040\000z\000e\000r\000o\000s}{chapter.14}% 60
\BOOKMARK [1][-]{section.14.4}{\376\377\000D\000e\000n\000s\000i\000t\000y\000\040\000e\000s\000t\000i\000m\000a\000t\000e\000s}{chapter.14}% 61
\BOOKMARK [1][-]{section.14.5}{\376\377\000M\000i\000s\000c\000e\000l\000l\000a\000n\000a\000e}{chapter.14}% 62
\BOOKMARK [-1][-]{part.7}{\376\377\000V\000I\000I\000\040\000S\000i\000e\000v\000e\000\040\000a\000n\000d\000\040\000s\000h\000o\000r\000t\000\040\000i\000n\000t\000e\000r\000v\000a\000l\000\040\000r\000e\000s\000u\000l\000t\000s\000\040}{}% 63
\BOOKMARK [0][-]{chapter.15}{\376\377\000\040\000S\000h\000o\000r\000t\000\040\000i\000n\000t\000e\000r\000v\000a\000l\000s\000\040\000c\000o\000n\000t\000a\000i\000n\000i\000n\000g\000\040\000p\000r\000i\000m\000e\000s}{part.7}% 64
\BOOKMARK [1][-]{section.15.1}{\376\377\000I\000n\000t\000e\000r\000v\000a\000l\000\040\000w\000i\000t\000h\000\040\000p\000r\000i\000m\000e\000s\000,\000\040\000w\000i\000t\000h\000o\000u\000t\000\040\000a\000n\000y\000\040\000c\000o\000n\000g\000r\000u\000e\000n\000c\000e\000\040\000c\000o\000n\000d\000i\000t\000i\000o\000n}{chapter.15}% 65
\BOOKMARK [1][-]{section.15.2}{\376\377\000I\000n\000t\000e\000r\000v\000a\000l\000\040\000w\000i\000t\000h\000\040\000p\000r\000i\000m\000e\000s\000\040\000u\000n\000d\000e\000r\000\040\000R\000H\000,\000\040\000w\000i\000t\000h\000o\000u\000t\000\040\000a\000n\000y\000\040\000c\000o\000n\000g\000r\000u\000e\000n\000c\000e\000\040\000c\000o\000n\000d\000i\000t\000i\000o\000n}{chapter.15}% 66
\BOOKMARK [1][-]{section.15.3}{\376\377\000I\000n\000t\000e\000r\000v\000a\000l\000\040\000w\000i\000t\000h\000\040\000p\000r\000i\000m\000e\000s\000,\000\040\000w\000i\000t\000h\000\040\000c\000o\000n\000g\000r\000u\000e\000n\000c\000e\000\040\000c\000o\000n\000d\000i\000t\000i\000o\000n}{chapter.15}% 67
\BOOKMARK [0][-]{chapter.16}{\376\377\000\040\000S\000i\000e\000v\000e\000\040\000b\000o\000u\000n\000d\000s}{part.7}% 68
\BOOKMARK [1][-]{section.16.1}{\376\377\000S\000o\000m\000e\000\040\000u\000p\000p\000e\000r\000\040\000b\000o\000u\000n\000d\000s}{chapter.16}% 69
\BOOKMARK [1][-]{section.16.2}{\376\377\000e\000n\000s\000i\000t\000y\000\040\000e\000s\000t\000i\000m\000a\000t\000e\000s\000\040}{chapter.16}% 70
\BOOKMARK [1][-]{section.16.3}{\376\377\000C\000o\000m\000b\000i\000n\000a\000t\000o\000r\000i\000a\000l\000\040\000s\000i\000e\000v\000e\000\040\000e\000s\000t\000i\000m\000a\000t\000e\000s}{chapter.16}% 71
\BOOKMARK [1][-]{section.16.4}{\376\377\000I\000n\000t\000e\000g\000e\000r\000s\000\040\000f\000r\000e\000e\000\040\000o\000f\000\040\000s\000m\000a\000l\000l\000\040\000p\000r\000i\000m\000e\000\040\000f\000a\000c\000t\000o\000r\000s}{chapter.16}% 72
\BOOKMARK [-1][-]{part.8}{\376\377\000V\000I\000I\000I\000\040\000A\000n\000a\000l\000y\000t\000i\000c\000\040\000N\000u\000m\000b\000e\000r\000\040\000T\000h\000e\000o\000r\000y\000\040\000i\000n\000\040\000N\000u\000m\000b\000e\000r\000\040\000F\000i\000e\000l\000d\000s}{}% 73
\BOOKMARK [0][-]{chapter.17}{\376\377\000\040\000B\000o\000u\000n\000d\000s\000\040\000o\000n\000\040\000t\000h\000e\000\040\000D\000e\000d\000e\000k\000i\000n\000d\000\040\000z\000e\000t\000a\000-\000f\000u\000n\000c\000t\000i\000o\000n}{part.8}% 74
\BOOKMARK [1][-]{section.17.1}{\376\377\000S\000i\000z\000e\000\040}{chapter.17}% 75
\BOOKMARK [1][-]{section.17.2}{\376\377\000Z\000e\000r\000o\000e\000s\000\040\000a\000n\000d\000\040\000z\000e\000r\000o\000-\000f\000r\000e\000e\000\040\000r\000e\000g\000i\000o\000n\000s\000\040}{chapter.17}% 76
\BOOKMARK [1][-]{section.17.3}{\376\377\000.\000\040\000R\000e\000a\000l\000\040\000Z\000e\000r\000o\000e\000s\000.}{chapter.17}% 77
\BOOKMARK [-1][-]{part.9}{\376\377\000I\000X\000\040\000A\000p\000p\000l\000i\000c\000a\000t\000i\000o\000n\000s}{}% 78
\BOOKMARK [0][-]{chapter.18}{\376\377\000\040\000E\000x\000p\000l\000i\000c\000i\000t\000\040\000b\000o\000u\000n\000d\000s\000\040\000f\000o\000r\000\040\000c\000l\000a\000s\000s\000\040\000n\000u\000m\000b\000e\000r\000s}{part.9}% 79
\BOOKMARK [1][-]{section.18.1}{\376\377\000M\000a\000j\000o\000r\000i\000s\000i\000n\000g\000\040\000h\000K\000R\000K}{chapter.18}% 80
\BOOKMARK [1][-]{section.18.2}{\376\377\000M\000a\000j\000o\000r\000i\000s\000i\000n\000g\000\040\000h\000K}{chapter.18}% 81
\BOOKMARK [1][-]{section.18.3}{\376\377\000U\000s\000i\000n\000g\000\040\000t\000h\000e\000\040\000i\000n\000f\000l\000u\000e\000n\000c\000e\000\040\000o\000f\000\040\000s\000m\000a\000l\000l\000\040\000p\000r\000i\000m\000e\000s}{chapter.18}% 82
\BOOKMARK [1][-]{section.18.4}{\376\377\000T\000h\000e\000\040\000h\000-\000K\000\040\000o\000f\000\040\000C\000M\000-\000f\000i\000e\000l\000d\000s}{chapter.18}% 83
\BOOKMARK [0][-]{chapter.19}{\376\377\000\040\000P\000r\000i\000m\000i\000t\000i\000v\000e\000\040\000R\000o\000o\000t\000s}{part.9}% 84
\BOOKMARK [-1][-]{part.10}{\376\377\000X\000\040\000D\000e\000v\000e\000l\000o\000p\000m\000e\000n\000t}{}% 85
\BOOKMARK [0][-]{chapter.20}{\376\377\000R\000E\000A\000D\000M\000E}{part.10}% 86
\BOOKMARK [1][-]{section.20.1}{\376\377\000H\000o\000w\000\040\000t\000o\000\040\000w\000r\000i\000t\000e}{chapter.20}% 87
\BOOKMARK [1][-]{section.20.2}{\376\377\000H\000o\000w\000\040\000t\000o\000\040\000c\000o\000n\000t\000r\000i\000b\000u\000t\000e}{chapter.20}% 88
\BOOKMARK [1][-]{section.20.3}{\376\377\000A\000d\000d\000i\000n\000g\000\040\000a\000\040\000p\000a\000r\000t\000\040\000o\000r\000\040\000a\000\040\000c\000h\000a\000p\000t\000e\000r}{chapter.20}% 89
\BOOKMARK [0][-]{chapter*.4}{\376\377\000B\000i\000b\000l\000i\000o\000g\000r\000a\000p\000h\000y}{part.10}% 90
